<?xml version="1.0" encoding="UTF-8"?>
<robot generator="Robot 5.0.1 (Python 3.8.0 on win32)" generated="20221016 16:44:57.424" rpa="false" schemaversion="3">
<suite id="s1" name="Login Page" source="C:\Users\GorantlL\PycharmProjects\DemoSeleniumRobot\Pages\Login_Page.robot">
<test id="s1-t1" name="LoginHRM" line="10">
<kw name="OpenMyBrowser" library="login_key">
<arg>${url}</arg>
<arg>${browser}</arg>
<kw name="Open Browser" library="SeleniumLibrary">
<arg>${url}</arg>
<arg>${browser}</arg>
<doc>Opens a new browser instance to the optional ``url``.</doc>
<msg timestamp="20221016 16:44:58.209" level="INFO">Opening browser 'chrome' to base url 'https://opensource-demo.orangehrmlive.com/web/index.php/auth/login'.</msg>
<status status="PASS" starttime="20221016 16:44:58.209" endtime="20221016 16:45:16.570"/>
</kw>
<kw name="Maximize Browser Window" library="SeleniumLibrary">
<doc>Maximizes current browser window.</doc>
<status status="PASS" starttime="20221016 16:45:16.571" endtime="20221016 16:45:16.734"/>
</kw>
<kw name="Sleep" library="BuiltIn">
<arg>2</arg>
<doc>Pauses the test executed for the given time.</doc>
<msg timestamp="20221016 16:45:18.751" level="INFO">Slept 2 seconds</msg>
<status status="PASS" starttime="20221016 16:45:16.735" endtime="20221016 16:45:18.751"/>
</kw>
<status status="PASS" starttime="20221016 16:44:58.208" endtime="20221016 16:45:18.752"/>
</kw>
<kw name="EnterName" library="login_key">
<arg>Admin</arg>
<kw name="Input Text" library="SeleniumLibrary">
<arg>${txt_name}</arg>
<arg>${username}</arg>
<doc>Types the given ``text`` into the text field identified by ``locator``.</doc>
<msg timestamp="20221016 16:45:18.755" level="INFO">Typing text 'Admin' into text field 'name:username'.</msg>
<status status="PASS" starttime="20221016 16:45:18.754" endtime="20221016 16:45:18.861"/>
</kw>
<status status="PASS" starttime="20221016 16:45:18.753" endtime="20221016 16:45:18.861"/>
</kw>
<kw name="EnterPassword" library="login_key">
<arg>admin123</arg>
<kw name="Input Password" library="SeleniumLibrary">
<arg>${txt_password}</arg>
<arg>${password}</arg>
<doc>Types the given password into the text field identified by ``locator``.</doc>
<msg timestamp="20221016 16:45:18.863" level="INFO">Typing password into text field 'name:password'.</msg>
<msg timestamp="20221016 16:45:18.910" level="INFO">Temporally setting log level to: NONE</msg>
<msg timestamp="20221016 16:45:18.976" level="INFO">Log level changed from NONE to INFO.</msg>
<status status="PASS" starttime="20221016 16:45:18.862" endtime="20221016 16:45:18.976"/>
</kw>
<status status="PASS" starttime="20221016 16:45:18.862" endtime="20221016 16:45:18.977"/>
</kw>
<kw name="ClickLogin" library="login_key">
<kw name="Click Element" library="SeleniumLibrary">
<arg>${btn_login}</arg>
<doc>Click the element identified by ``locator``.</doc>
<msg timestamp="20221016 16:45:18.978" level="INFO">Clicking element 'xpath://button[text()=' Login ']'.</msg>
<status status="PASS" starttime="20221016 16:45:18.978" endtime="20221016 16:45:19.055"/>
</kw>
<status status="PASS" starttime="20221016 16:45:18.977" endtime="20221016 16:45:19.056"/>
</kw>
<kw name="Sleep" library="BuiltIn">
<arg>2</arg>
<doc>Pauses the test executed for the given time.</doc>
<msg timestamp="20221016 16:45:21.078" level="INFO">Slept 2 seconds</msg>
<status status="PASS" starttime="20221016 16:45:19.056" endtime="20221016 16:45:21.079"/>
</kw>
<kw name="CloseBrowses" library="login_key">
<kw name="Close All Browsers" library="SeleniumLibrary">
<doc>Closes all open browsers and resets the browser cache.</doc>
<status status="PASS" starttime="20221016 16:45:21.091" endtime="20221016 16:45:24.170"/>
</kw>
<status status="PASS" starttime="20221016 16:45:21.084" endtime="20221016 16:45:24.171"/>
</kw>
<status status="PASS" starttime="20221016 16:44:58.207" endtime="20221016 16:45:24.173"/>
</test>
<status status="PASS" starttime="20221016 16:44:57.429" endtime="20221016 16:45:24.179"/>
</suite>
<statistics>
<total>
<stat pass="1" fail="0" skip="0">All Tests</stat>
</total>
<tag>
</tag>
<suite>
<stat pass="1" fail="0" skip="0" id="s1" name="Login Page">Login Page</stat>
</suite>
</statistics>
<errors>
</errors>
</robot>
