<?xml version="1.0" encoding="UTF-8"?>
<robot generator="Robot 5.0.1 (Python 3.8.0 on win32)" generated="20221015 00:08:16.652" rpa="false" schemaversion="3">
<suite id="s1" name="Parall" source="C:\Users\GorantlL\PycharmProjects\DemoSeleniumRobot\Parall">
<suite id="s1-s1" name="TC 2" source="C:\Users\GorantlL\PycharmProjects\DemoSeleniumRobot\Parall\TC_2.robot">
<test id="s1-s1-t1" name="TC01Test" line="10">
<kw name="Open Browser" library="SeleniumLibrary">
<arg>${url}</arg>
<arg>${browserName}</arg>
<doc>Opens a new browser instance to the optional ``url``.</doc>
<msg timestamp="20221015 00:08:17.192" level="INFO">Opening browser 'headlesschrome' to base url 'https://www.google.com/'.</msg>
<status status="PASS" starttime="20221015 00:08:17.191" endtime="20221015 00:08:21.279"/>
</kw>
<kw name="Sleep" library="BuiltIn">
<arg>2</arg>
<doc>Pauses the test executed for the given time.</doc>
<msg timestamp="20221015 00:08:23.294" level="INFO">Slept 2 seconds</msg>
<status status="PASS" starttime="20221015 00:08:21.280" endtime="20221015 00:08:23.294"/>
</kw>
<kw name="Close Browser" library="SeleniumLibrary">
<doc>Closes the current browser.</doc>
<status status="PASS" starttime="20221015 00:08:23.294" endtime="20221015 00:08:25.555"/>
</kw>
<status status="PASS" starttime="20221015 00:08:17.189" endtime="20221015 00:08:25.555"/>
</test>
<status status="PASS" starttime="20221015 00:08:16.711" endtime="20221015 00:08:25.556"/>
</suite>
<status status="PASS" starttime="20221015 00:08:16.675" endtime="20221015 00:08:25.558"/>
</suite>
<statistics>
<total>
<stat pass="1" fail="0" skip="0">All Tests</stat>
</total>
<tag>
</tag>
<suite>
<stat pass="1" fail="0" skip="0" id="s1" name="Parall">Parall</stat>
<stat pass="1" fail="0" skip="0" id="s1-s1" name="TC 2">Parall.TC 2</stat>
</suite>
</statistics>
<errors>
</errors>
</robot>
